2017-07-05 11:52:38.600||INFO -[Starting SpringBootDemoApplication on bogon with PID 52406 (/Users/xiaowan/Documents/studyspace/JRQTrade/target/classes started by xiaowan in /Users/xiaowan/Documents/studyspace/JRQTrade)]-[com.ch.SpringBootDemoApplication]-[main]
2017-07-05 11:52:38.611||INFO -[No active profile set, falling back to default profiles: default]-[com.ch.SpringBootDemoApplication]-[main]
2017-07-05 11:52:38.705||INFO -[Refreshing org.springframework.boot.context.embedded.AnnotationConfigEmbeddedWebApplicationContext@4b23c30a: startup date [Wed Jul 05 11:52:38 CST 2017]; root of context hierarchy]-[o.s.b.c.e.AnnotationConfigEmbeddedWebApplicationContext]-[main]
2017-07-05 11:52:38.841||INFO -[HV000001: Hibernate Validator 5.2.4.Final]-[o.h.validator.internal.util.Version]-[background-preinit]
2017-07-05 11:52:39.408||INFO -[Loading XML bean definitions from class path resource [application-context.xml]]-[o.s.b.f.xml.XmlBeanDefinitionReader]-[main]
2017-07-05 11:52:39.660||INFO -[Loading XML bean definitions from class path resource [threadPool.xml]]-[o.s.b.f.xml.XmlBeanDefinitionReader]-[main]
2017-07-05 11:52:39.842||INFO -[Overriding bean definition for bean 'org.springframework.transaction.config.internalTransactionAdvisor' with a different definition: replacing [Root bean: class [org.springframework.transaction.interceptor.BeanFactoryTransactionAttributeSourceAdvisor]; scope=; abstract=false; lazyInit=false; autowireMode=0; dependencyCheck=0; autowireCandidate=true; primary=false; factoryBeanName=null; factoryMethodName=null; initMethodName=null; destroyMethodName=null] with [Root bean: class [null]; scope=; abstract=false; lazyInit=false; autowireMode=3; dependencyCheck=0; autowireCandidate=true; primary=false; factoryBeanName=org.springframework.transaction.annotation.ProxyTransactionManagementConfiguration; factoryMethodName=transactionAdvisor; initMethodName=null; destroyMethodName=(inferred); defined in class path resource [org/springframework/transaction/annotation/ProxyTransactionManagementConfiguration.class]]]-[o.s.b.f.s.DefaultListableBeanFactory]-[main]
2017-07-05 11:52:39.846||INFO -[Skipping bean definition for [BeanMethod:name=transactionalEventListenerFactory,declaringClass=org.springframework.transaction.annotation.AbstractTransactionManagementConfiguration]: a definition for bean 'org.springframework.transaction.config.internalTransactionalEventListenerFactory' already exists. This top-level bean definition is considered as an override.]-[o.s.c.a.ConfigurationClassBeanDefinitionReader]-[main]
2017-07-05 11:52:40.199||INFO -[Loading properties file from class path resource [config.properties]]-[o.s.c.s.PropertySourcesPlaceholderConfigurer]-[main]
2017-07-05 11:52:40.319||INFO -[Initializing ExecutorService ]-[o.s.s.c.ThreadPoolTaskExecutor]-[main]
2017-07-05 11:52:40.320||INFO -[Bean 'executor' of type [class org.springframework.scheduling.config.TaskExecutorFactoryBean] is not eligible for getting processed by all BeanPostProcessors (for example: not eligible for auto-proxying)]-[o.s.c.s.PostProcessorRegistrationDelegate$BeanPostProcessorChecker]-[main]
2017-07-05 11:52:40.320||INFO -[Bean 'executor' of type [class org.springframework.scheduling.concurrent.ThreadPoolTaskExecutor] is not eligible for getting processed by all BeanPostProcessors (for example: not eligible for auto-proxying)]-[o.s.c.s.PostProcessorRegistrationDelegate$BeanPostProcessorChecker]-[main]
2017-07-05 11:52:40.371||INFO -[Initializing ExecutorService  'scheduler']-[o.s.s.c.ThreadPoolTaskScheduler]-[main]
2017-07-05 11:52:40.372||INFO -[Bean 'scheduler' of type [class org.springframework.scheduling.concurrent.ThreadPoolTaskScheduler] is not eligible for getting processed by all BeanPostProcessors (for example: not eligible for auto-proxying)]-[o.s.c.s.PostProcessorRegistrationDelegate$BeanPostProcessorChecker]-[main]
2017-07-05 11:52:40.423||INFO -[Bean 'dataSource' of type [class org.logicalcobwebs.proxool.ProxoolDataSource] is not eligible for getting processed by all BeanPostProcessors (for example: not eligible for auto-proxying)]-[o.s.c.s.PostProcessorRegistrationDelegate$BeanPostProcessorChecker]-[main]
2017-07-05 11:52:40.561||INFO -[Bean 'sqlSessionFactory' of type [class org.mybatis.spring.SqlSessionFactoryBean] is not eligible for getting processed by all BeanPostProcessors (for example: not eligible for auto-proxying)]-[o.s.c.s.PostProcessorRegistrationDelegate$BeanPostProcessorChecker]-[main]
2017-07-05 11:52:40.561||INFO -[Bean 'sqlSessionFactory' of type [class org.apache.ibatis.session.defaults.DefaultSqlSessionFactory] is not eligible for getting processed by all BeanPostProcessors (for example: not eligible for auto-proxying)]-[o.s.c.s.PostProcessorRegistrationDelegate$BeanPostProcessorChecker]-[main]
2017-07-05 11:52:40.614||INFO -[Bean 'systemLogMapper' of type [class org.mybatis.spring.mapper.MapperFactoryBean] is not eligible for getting processed by all BeanPostProcessors (for example: not eligible for auto-proxying)]-[o.s.c.s.PostProcessorRegistrationDelegate$BeanPostProcessorChecker]-[main]
2017-07-05 11:52:40.689||INFO -[Bean 'JRQTraderInfoMapper' of type [class org.mybatis.spring.mapper.MapperFactoryBean] is not eligible for getting processed by all BeanPostProcessors (for example: not eligible for auto-proxying)]-[o.s.c.s.PostProcessorRegistrationDelegate$BeanPostProcessorChecker]-[main]
2017-07-05 11:52:40.709||INFO -[Bean 'JRQOrderInfoMapper' of type [class org.mybatis.spring.mapper.MapperFactoryBean] is not eligible for getting processed by all BeanPostProcessors (for example: not eligible for auto-proxying)]-[o.s.c.s.PostProcessorRegistrationDelegate$BeanPostProcessorChecker]-[main]
2017-07-05 11:52:40.760||INFO -[Bean 'org.springframework.transaction.annotation.ProxyTransactionManagementConfiguration' of type [class org.springframework.transaction.annotation.ProxyTransactionManagementConfiguration$$EnhancerBySpringCGLIB$$d373a59e] is not eligible for getting processed by all BeanPostProcessors (for example: not eligible for auto-proxying)]-[o.s.c.s.PostProcessorRegistrationDelegate$BeanPostProcessorChecker]-[main]
2017-07-05 11:52:41.360||INFO -[Tomcat initialized with port(s): 8080 (http)]-[o.s.b.c.e.t.TomcatEmbeddedServletContainer]-[main]
2017-07-05 11:52:41.377||INFO -[Starting service Tomcat]-[o.a.catalina.core.StandardService]-[main]
2017-07-05 11:52:41.379||INFO -[Starting Servlet Engine: Apache Tomcat/8.5.5]-[o.a.catalina.core.StandardEngine]-[main]
2017-07-05 11:52:41.712||INFO -[At least one JAR was scanned for TLDs yet contained no TLDs. Enable debug logging for this logger for a complete list of JARs that were scanned but no TLDs were found in them. Skipping unneeded JARs during scanning can improve startup time and JSP compilation time.]-[o.apache.jasper.servlet.TldScanner]-[localhost-startStop-1]
2017-07-05 11:52:41.718||INFO -[Initializing Spring embedded WebApplicationContext]-[o.a.c.c.C.[Tomcat].[localhost].[/]]-[localhost-startStop-1]
2017-07-05 11:52:41.718||INFO -[Root WebApplicationContext: initialization completed in 3013 ms]-[o.s.web.context.ContextLoader]-[localhost-startStop-1]
2017-07-05 11:52:41.948||INFO -[Mapping servlet: 'dispatcherServlet' to [/]]-[o.s.b.w.s.ServletRegistrationBean]-[localhost-startStop-1]
2017-07-05 11:52:41.957||INFO -[Mapping filter: 'characterEncodingFilter' to: [/*]]-[o.s.b.w.s.FilterRegistrationBean]-[localhost-startStop-1]
2017-07-05 11:52:41.958||INFO -[Mapping filter: 'hiddenHttpMethodFilter' to: [/*]]-[o.s.b.w.s.FilterRegistrationBean]-[localhost-startStop-1]
2017-07-05 11:52:41.958||INFO -[Mapping filter: 'httpPutFormContentFilter' to: [/*]]-[o.s.b.w.s.FilterRegistrationBean]-[localhost-startStop-1]
2017-07-05 11:52:41.958||INFO -[Mapping filter: 'requestContextFilter' to: [/*]]-[o.s.b.w.s.FilterRegistrationBean]-[localhost-startStop-1]
2017-07-05 11:52:42.103||INFO -[Initializing ExecutorService  'threadPoolTaskExecutor']-[o.s.s.c.ThreadPoolTaskExecutor]-[main]
2017-07-05 11:52:42.440||INFO -[Looking for @ControllerAdvice: org.springframework.boot.context.embedded.AnnotationConfigEmbeddedWebApplicationContext@4b23c30a: startup date [Wed Jul 05 11:52:38 CST 2017]; root of context hierarchy]-[o.s.w.s.m.m.a.RequestMappingHandlerAdapter]-[main]
2017-07-05 11:52:42.523||INFO -[Mapped "{[/login/login]}" onto public java.lang.String com.ch.jrq.controller.LoginController.login()]-[o.s.w.s.m.m.a.RequestMappingHandlerMapping]-[main]
2017-07-05 11:52:42.524||INFO -[Mapped "{[/login/checkLogin]}" onto public com.ch.jrq.utils.StatusJSON com.ch.jrq.controller.LoginController.checkLogin(javax.servlet.http.HttpSession,java.lang.String,java.lang.String)]-[o.s.w.s.m.m.a.RequestMappingHandlerMapping]-[main]
2017-07-05 11:52:42.525||INFO -[Mapped "{[/order/order]}" onto public java.lang.String com.ch.jrq.controller.OrderInfoController.trade(org.springframework.ui.ModelMap)]-[o.s.w.s.m.m.a.RequestMappingHandlerMapping]-[main]
2017-07-05 11:52:42.526||INFO -[Mapped "{[/order/orderContent]}" onto public java.lang.String com.ch.jrq.controller.OrderInfoController.tradedata(org.springframework.ui.ModelMap,java.lang.String,java.lang.String,java.lang.String,java.lang.String)]-[o.s.w.s.m.m.a.RequestMappingHandlerMapping]-[main]
2017-07-05 11:52:42.528||INFO -[Mapped "{[/trader/traderContent]}" onto public java.lang.String com.ch.jrq.controller.TraderInfoController.traderContent(org.springframework.ui.ModelMap,java.lang.String)]-[o.s.w.s.m.m.a.RequestMappingHandlerMapping]-[main]
2017-07-05 11:52:42.528||INFO -[Mapped "{[/trader/trader]}" onto public java.lang.String com.ch.jrq.controller.TraderInfoController.trader()]-[o.s.w.s.m.m.a.RequestMappingHandlerMapping]-[main]
2017-07-05 11:52:42.528||INFO -[Mapped "{[/trader/addTrader]}" onto public com.ch.jrq.utils.StatusJSON com.ch.jrq.controller.TraderInfoController.addTrader(java.lang.String,java.lang.String)]-[o.s.w.s.m.m.a.RequestMappingHandlerMapping]-[main]
2017-07-05 11:52:42.529||INFO -[Mapped "{[/trader/updateTraderStatus]}" onto public java.lang.String com.ch.jrq.controller.TraderInfoController.updateTraderStatus(java.lang.String,java.lang.String)]-[o.s.w.s.m.m.a.RequestMappingHandlerMapping]-[main]
2017-07-05 11:52:42.529||INFO -[Mapped "{[/trader/exportTraderFile]}" onto public com.ch.jrq.utils.StatusJSON com.ch.jrq.controller.TraderInfoController.exportTraderFile()]-[o.s.w.s.m.m.a.RequestMappingHandlerMapping]-[main]
2017-07-05 11:52:42.529||INFO -[Mapped "{[/userController/testAOP]}" onto public void com.ch.jrq.controller.UserController.testAOP(java.lang.String,java.lang.String)]-[o.s.w.s.m.m.a.RequestMappingHandlerMapping]-[main]
2017-07-05 11:52:42.532||INFO -[Mapped "{[/error]}" onto public org.springframework.http.ResponseEntity<java.util.Map<java.lang.String, java.lang.Object>> org.springframework.boot.autoconfigure.web.BasicErrorController.error(javax.servlet.http.HttpServletRequest)]-[o.s.w.s.m.m.a.RequestMappingHandlerMapping]-[main]
2017-07-05 11:52:42.532||INFO -[Mapped "{[/error],produces=[text/html]}" onto public org.springframework.web.servlet.ModelAndView org.springframework.boot.autoconfigure.web.BasicErrorController.errorHtml(javax.servlet.http.HttpServletRequest,javax.servlet.http.HttpServletResponse)]-[o.s.w.s.m.m.a.RequestMappingHandlerMapping]-[main]
2017-07-05 11:52:42.587||INFO -[Mapped URL path [/webjars/**] onto handler of type [class org.springframework.web.servlet.resource.ResourceHttpRequestHandler]]-[o.s.w.s.h.SimpleUrlHandlerMapping]-[main]
2017-07-05 11:52:42.587||INFO -[Mapped URL path [/**] onto handler of type [class org.springframework.web.servlet.resource.ResourceHttpRequestHandler]]-[o.s.w.s.h.SimpleUrlHandlerMapping]-[main]
2017-07-05 11:52:42.745||INFO -[Mapped URL path [/**/favicon.ico] onto handler of type [class org.springframework.web.servlet.resource.ResourceHttpRequestHandler]]-[o.s.w.s.h.SimpleUrlHandlerMapping]-[main]
2017-07-05 11:52:43.155||INFO -[Registering beans for JMX exposure on startup]-[o.s.j.e.a.AnnotationMBeanExporter]-[main]
2017-07-05 11:52:43.181||INFO -[Initializing ProtocolHandler ["http-nio-8080"]]-[o.a.coyote.http11.Http11NioProtocol]-[main]
2017-07-05 11:52:43.194||INFO -[Starting ProtocolHandler [http-nio-8080]]-[o.a.coyote.http11.Http11NioProtocol]-[main]
2017-07-05 11:52:43.219||INFO -[Using a shared selector for servlet write/read]-[o.a.tomcat.util.net.NioSelectorPool]-[main]
2017-07-05 11:52:43.255||INFO -[Tomcat started on port(s): 8080 (http)]-[o.s.b.c.e.t.TomcatEmbeddedServletContainer]-[main]
2017-07-05 11:52:43.262||INFO -[Started SpringBootDemoApplication in 5.206 seconds (JVM running for 5.997)]-[com.ch.SpringBootDemoApplication]-[main]
2017-07-05 13:51:56.740||INFO -[Starting SpringBootDemoApplication on bogon with PID 52709 (/Users/xiaowan/Documents/studyspace/JRQTrade/target/classes started by xiaowan in /Users/xiaowan/Documents/studyspace/JRQTrade)]-[com.ch.SpringBootDemoApplication]-[main]
2017-07-05 13:51:56.745||INFO -[No active profile set, falling back to default profiles: default]-[com.ch.SpringBootDemoApplication]-[main]
2017-07-05 13:51:56.815||INFO -[Refreshing org.springframework.boot.context.embedded.AnnotationConfigEmbeddedWebApplicationContext@4b23c30a: startup date [Wed Jul 05 13:51:56 CST 2017]; root of context hierarchy]-[o.s.b.c.e.AnnotationConfigEmbeddedWebApplicationContext]-[main]
2017-07-05 13:51:56.902||INFO -[HV000001: Hibernate Validator 5.2.4.Final]-[o.h.validator.internal.util.Version]-[background-preinit]
2017-07-05 13:51:57.468||INFO -[Loading XML bean definitions from class path resource [application-context.xml]]-[o.s.b.f.xml.XmlBeanDefinitionReader]-[main]
2017-07-05 13:51:57.690||INFO -[Loading XML bean definitions from class path resource [threadPool.xml]]-[o.s.b.f.xml.XmlBeanDefinitionReader]-[main]
2017-07-05 13:51:57.853||INFO -[Overriding bean definition for bean 'org.springframework.transaction.config.internalTransactionAdvisor' with a different definition: replacing [Root bean: class [org.springframework.transaction.interceptor.BeanFactoryTransactionAttributeSourceAdvisor]; scope=; abstract=false; lazyInit=false; autowireMode=0; dependencyCheck=0; autowireCandidate=true; primary=false; factoryBeanName=null; factoryMethodName=null; initMethodName=null; destroyMethodName=null] with [Root bean: class [null]; scope=; abstract=false; lazyInit=false; autowireMode=3; dependencyCheck=0; autowireCandidate=true; primary=false; factoryBeanName=org.springframework.transaction.annotation.ProxyTransactionManagementConfiguration; factoryMethodName=transactionAdvisor; initMethodName=null; destroyMethodName=(inferred); defined in class path resource [org/springframework/transaction/annotation/ProxyTransactionManagementConfiguration.class]]]-[o.s.b.f.s.DefaultListableBeanFactory]-[main]
2017-07-05 13:51:57.854||INFO -[Skipping bean definition for [BeanMethod:name=transactionalEventListenerFactory,declaringClass=org.springframework.transaction.annotation.AbstractTransactionManagementConfiguration]: a definition for bean 'org.springframework.transaction.config.internalTransactionalEventListenerFactory' already exists. This top-level bean definition is considered as an override.]-[o.s.c.a.ConfigurationClassBeanDefinitionReader]-[main]
2017-07-05 13:51:58.081||INFO -[Loading properties file from class path resource [config.properties]]-[o.s.c.s.PropertySourcesPlaceholderConfigurer]-[main]
2017-07-05 13:51:58.171||INFO -[Initializing ExecutorService ]-[o.s.s.c.ThreadPoolTaskExecutor]-[main]
2017-07-05 13:51:58.171||INFO -[Bean 'executor' of type [class org.springframework.scheduling.config.TaskExecutorFactoryBean] is not eligible for getting processed by all BeanPostProcessors (for example: not eligible for auto-proxying)]-[o.s.c.s.PostProcessorRegistrationDelegate$BeanPostProcessorChecker]-[main]
2017-07-05 13:51:58.171||INFO -[Bean 'executor' of type [class org.springframework.scheduling.concurrent.ThreadPoolTaskExecutor] is not eligible for getting processed by all BeanPostProcessors (for example: not eligible for auto-proxying)]-[o.s.c.s.PostProcessorRegistrationDelegate$BeanPostProcessorChecker]-[main]
2017-07-05 13:51:58.219||INFO -[Initializing ExecutorService  'scheduler']-[o.s.s.c.ThreadPoolTaskScheduler]-[main]
2017-07-05 13:51:58.220||INFO -[Bean 'scheduler' of type [class org.springframework.scheduling.concurrent.ThreadPoolTaskScheduler] is not eligible for getting processed by all BeanPostProcessors (for example: not eligible for auto-proxying)]-[o.s.c.s.PostProcessorRegistrationDelegate$BeanPostProcessorChecker]-[main]
2017-07-05 13:51:58.263||INFO -[Bean 'dataSource' of type [class org.logicalcobwebs.proxool.ProxoolDataSource] is not eligible for getting processed by all BeanPostProcessors (for example: not eligible for auto-proxying)]-[o.s.c.s.PostProcessorRegistrationDelegate$BeanPostProcessorChecker]-[main]
2017-07-05 13:51:58.366||INFO -[Bean 'sqlSessionFactory' of type [class org.mybatis.spring.SqlSessionFactoryBean] is not eligible for getting processed by all BeanPostProcessors (for example: not eligible for auto-proxying)]-[o.s.c.s.PostProcessorRegistrationDelegate$BeanPostProcessorChecker]-[main]
2017-07-05 13:51:58.366||INFO -[Bean 'sqlSessionFactory' of type [class org.apache.ibatis.session.defaults.DefaultSqlSessionFactory] is not eligible for getting processed by all BeanPostProcessors (for example: not eligible for auto-proxying)]-[o.s.c.s.PostProcessorRegistrationDelegate$BeanPostProcessorChecker]-[main]
2017-07-05 13:51:58.422||INFO -[Bean 'systemLogMapper' of type [class org.mybatis.spring.mapper.MapperFactoryBean] is not eligible for getting processed by all BeanPostProcessors (for example: not eligible for auto-proxying)]-[o.s.c.s.PostProcessorRegistrationDelegate$BeanPostProcessorChecker]-[main]
2017-07-05 13:51:58.491||INFO -[Bean 'JRQTraderInfoMapper' of type [class org.mybatis.spring.mapper.MapperFactoryBean] is not eligible for getting processed by all BeanPostProcessors (for example: not eligible for auto-proxying)]-[o.s.c.s.PostProcessorRegistrationDelegate$BeanPostProcessorChecker]-[main]
2017-07-05 13:51:58.508||INFO -[Bean 'JRQOrderInfoMapper' of type [class org.mybatis.spring.mapper.MapperFactoryBean] is not eligible for getting processed by all BeanPostProcessors (for example: not eligible for auto-proxying)]-[o.s.c.s.PostProcessorRegistrationDelegate$BeanPostProcessorChecker]-[main]
2017-07-05 13:51:58.553||INFO -[Bean 'org.springframework.transaction.annotation.ProxyTransactionManagementConfiguration' of type [class org.springframework.transaction.annotation.ProxyTransactionManagementConfiguration$$EnhancerBySpringCGLIB$$796087ab] is not eligible for getting processed by all BeanPostProcessors (for example: not eligible for auto-proxying)]-[o.s.c.s.PostProcessorRegistrationDelegate$BeanPostProcessorChecker]-[main]
2017-07-05 13:51:59.142||INFO -[Tomcat initialized with port(s): 8080 (http)]-[o.s.b.c.e.t.TomcatEmbeddedServletContainer]-[main]
2017-07-05 13:51:59.158||INFO -[Starting service Tomcat]-[o.a.catalina.core.StandardService]-[main]
2017-07-05 13:51:59.160||INFO -[Starting Servlet Engine: Apache Tomcat/8.5.5]-[o.a.catalina.core.StandardEngine]-[main]
2017-07-05 13:51:59.434||INFO -[At least one JAR was scanned for TLDs yet contained no TLDs. Enable debug logging for this logger for a complete list of JARs that were scanned but no TLDs were found in them. Skipping unneeded JARs during scanning can improve startup time and JSP compilation time.]-[o.apache.jasper.servlet.TldScanner]-[localhost-startStop-1]
2017-07-05 13:51:59.439||INFO -[Initializing Spring embedded WebApplicationContext]-[o.a.c.c.C.[Tomcat].[localhost].[/]]-[localhost-startStop-1]
2017-07-05 13:51:59.439||INFO -[Root WebApplicationContext: initialization completed in 2624 ms]-[o.s.web.context.ContextLoader]-[localhost-startStop-1]
2017-07-05 13:51:59.631||INFO -[Mapping servlet: 'dispatcherServlet' to [/]]-[o.s.b.w.s.ServletRegistrationBean]-[localhost-startStop-1]
2017-07-05 13:51:59.637||INFO -[Mapping filter: 'characterEncodingFilter' to: [/*]]-[o.s.b.w.s.FilterRegistrationBean]-[localhost-startStop-1]
2017-07-05 13:51:59.638||INFO -[Mapping filter: 'hiddenHttpMethodFilter' to: [/*]]-[o.s.b.w.s.FilterRegistrationBean]-[localhost-startStop-1]
2017-07-05 13:51:59.638||INFO -[Mapping filter: 'httpPutFormContentFilter' to: [/*]]-[o.s.b.w.s.FilterRegistrationBean]-[localhost-startStop-1]
2017-07-05 13:51:59.638||INFO -[Mapping filter: 'requestContextFilter' to: [/*]]-[o.s.b.w.s.FilterRegistrationBean]-[localhost-startStop-1]
2017-07-05 13:51:59.776||INFO -[Initializing ExecutorService  'threadPoolTaskExecutor']-[o.s.s.c.ThreadPoolTaskExecutor]-[main]
2017-07-05 13:52:00.124||INFO -[Looking for @ControllerAdvice: org.springframework.boot.context.embedded.AnnotationConfigEmbeddedWebApplicationContext@4b23c30a: startup date [Wed Jul 05 13:51:56 CST 2017]; root of context hierarchy]-[o.s.w.s.m.m.a.RequestMappingHandlerAdapter]-[main]
2017-07-05 13:52:00.214||INFO -[Mapped "{[/login/login]}" onto public java.lang.String com.ch.jrq.controller.LoginController.login()]-[o.s.w.s.m.m.a.RequestMappingHandlerMapping]-[main]
2017-07-05 13:52:00.215||INFO -[Mapped "{[/login/checkLogin]}" onto public com.ch.jrq.utils.StatusJSON com.ch.jrq.controller.LoginController.checkLogin(javax.servlet.http.HttpSession,java.lang.String,java.lang.String)]-[o.s.w.s.m.m.a.RequestMappingHandlerMapping]-[main]
2017-07-05 13:52:00.216||INFO -[Mapped "{[/order/order]}" onto public java.lang.String com.ch.jrq.controller.OrderInfoController.trade(org.springframework.ui.ModelMap)]-[o.s.w.s.m.m.a.RequestMappingHandlerMapping]-[main]
2017-07-05 13:52:00.216||INFO -[Mapped "{[/order/orderContent]}" onto public java.lang.String com.ch.jrq.controller.OrderInfoController.tradedata(org.springframework.ui.ModelMap,java.lang.String,java.lang.String,java.lang.String,java.lang.String)]-[o.s.w.s.m.m.a.RequestMappingHandlerMapping]-[main]
2017-07-05 13:52:00.218||INFO -[Mapped "{[/trader/trader]}" onto public java.lang.String com.ch.jrq.controller.TraderInfoController.trader()]-[o.s.w.s.m.m.a.RequestMappingHandlerMapping]-[main]
2017-07-05 13:52:00.219||INFO -[Mapped "{[/trader/traderContent]}" onto public java.lang.String com.ch.jrq.controller.TraderInfoController.traderContent(org.springframework.ui.ModelMap,java.lang.String)]-[o.s.w.s.m.m.a.RequestMappingHandlerMapping]-[main]
2017-07-05 13:52:00.219||INFO -[Mapped "{[/trader/addTrader]}" onto public com.ch.jrq.utils.StatusJSON com.ch.jrq.controller.TraderInfoController.addTrader(java.lang.String,java.lang.String)]-[o.s.w.s.m.m.a.RequestMappingHandlerMapping]-[main]
2017-07-05 13:52:00.219||INFO -[Mapped "{[/trader/updateTraderStatus]}" onto public java.lang.String com.ch.jrq.controller.TraderInfoController.updateTraderStatus(java.lang.String,java.lang.String)]-[o.s.w.s.m.m.a.RequestMappingHandlerMapping]-[main]
2017-07-05 13:52:00.220||INFO -[Mapped "{[/trader/exportTraderFile]}" onto public com.ch.jrq.utils.StatusJSON com.ch.jrq.controller.TraderInfoController.exportTraderFile()]-[o.s.w.s.m.m.a.RequestMappingHandlerMapping]-[main]
2017-07-05 13:52:00.220||INFO -[Mapped "{[/userController/testAOP]}" onto public void com.ch.jrq.controller.UserController.testAOP(java.lang.String,java.lang.String)]-[o.s.w.s.m.m.a.RequestMappingHandlerMapping]-[main]
2017-07-05 13:52:00.224||INFO -[Mapped "{[/error]}" onto public org.springframework.http.ResponseEntity<java.util.Map<java.lang.String, java.lang.Object>> org.springframework.boot.autoconfigure.web.BasicErrorController.error(javax.servlet.http.HttpServletRequest)]-[o.s.w.s.m.m.a.RequestMappingHandlerMapping]-[main]
2017-07-05 13:52:00.225||INFO -[Mapped "{[/error],produces=[text/html]}" onto public org.springframework.web.servlet.ModelAndView org.springframework.boot.autoconfigure.web.BasicErrorController.errorHtml(javax.servlet.http.HttpServletRequest,javax.servlet.http.HttpServletResponse)]-[o.s.w.s.m.m.a.RequestMappingHandlerMapping]-[main]
2017-07-05 13:52:00.278||INFO -[Mapped URL path [/webjars/**] onto handler of type [class org.springframework.web.servlet.resource.ResourceHttpRequestHandler]]-[o.s.w.s.h.SimpleUrlHandlerMapping]-[main]
2017-07-05 13:52:00.278||INFO -[Mapped URL path [/**] onto handler of type [class org.springframework.web.servlet.resource.ResourceHttpRequestHandler]]-[o.s.w.s.h.SimpleUrlHandlerMapping]-[main]
2017-07-05 13:52:00.454||INFO -[Mapped URL path [/**/favicon.ico] onto handler of type [class org.springframework.web.servlet.resource.ResourceHttpRequestHandler]]-[o.s.w.s.h.SimpleUrlHandlerMapping]-[main]
2017-07-05 13:52:00.849||INFO -[Registering beans for JMX exposure on startup]-[o.s.j.e.a.AnnotationMBeanExporter]-[main]
2017-07-05 13:52:00.877||INFO -[Initializing ProtocolHandler ["http-nio-8080"]]-[o.a.coyote.http11.Http11NioProtocol]-[main]
2017-07-05 13:52:00.891||INFO -[Starting ProtocolHandler [http-nio-8080]]-[o.a.coyote.http11.Http11NioProtocol]-[main]
2017-07-05 13:52:00.914||INFO -[Using a shared selector for servlet write/read]-[o.a.tomcat.util.net.NioSelectorPool]-[main]
2017-07-05 13:52:00.950||INFO -[Tomcat started on port(s): 8080 (http)]-[o.s.b.c.e.t.TomcatEmbeddedServletContainer]-[main]
2017-07-05 13:52:00.958||INFO -[Started SpringBootDemoApplication in 4.743 seconds (JVM running for 5.4)]-[com.ch.SpringBootDemoApplication]-[main]
2017-07-05 13:55:18.424||INFO -[2017-07-05 13:55:18 开始执行定时任务]-[c.c.j.c.TraderInfoController]-[scheduler-2]
2017-07-05 13:56:11.690||INFO -[抓取牛人：陈亨的交易数据，牛人ID：5055710###Start]-[c.c.j.c.TraderInfoController]-[threadPoolTaskExecutor-1]
2017-07-05 13:56:27.384||INFO -[执行爬虫定时任务，时间：2017-07-05 13:56:27,共请求牛人：1,成功请求：0,失败请求：0]-[c.c.j.c.TraderInfoController]-[scheduler-2]
2017-07-05 13:56:42.555||INFO -[抓取牛人：陈亨的交易数据，牛人ID：5055710###End，异常：net.sf.json.JSONException: JSONObject[""] not found.]-[c.c.j.c.TraderInfoController]-[threadPoolTaskExecutor-1]
2017-07-05 14:58:37.953||INFO -[Starting SpringBootDemoApplication on bogon with PID 52879 (/Users/xiaowan/Documents/studyspace/JRQTrade/target/classes started by xiaowan in /Users/xiaowan/Documents/studyspace/JRQTrade)]-[com.ch.SpringBootDemoApplication]-[main]
2017-07-05 14:58:37.959||INFO -[No active profile set, falling back to default profiles: default]-[com.ch.SpringBootDemoApplication]-[main]
2017-07-05 14:58:38.041||INFO -[Refreshing org.springframework.boot.context.embedded.AnnotationConfigEmbeddedWebApplicationContext@56928307: startup date [Wed Jul 05 14:58:38 CST 2017]; root of context hierarchy]-[o.s.b.c.e.AnnotationConfigEmbeddedWebApplicationContext]-[main]
2017-07-05 14:58:38.140||INFO -[HV000001: Hibernate Validator 5.2.4.Final]-[o.h.validator.internal.util.Version]-[background-preinit]
2017-07-05 14:58:38.753||INFO -[Loading XML bean definitions from class path resource [application-context.xml]]-[o.s.b.f.xml.XmlBeanDefinitionReader]-[main]
2017-07-05 14:58:38.984||INFO -[Loading XML bean definitions from class path resource [threadPool.xml]]-[o.s.b.f.xml.XmlBeanDefinitionReader]-[main]
2017-07-05 14:58:39.141||INFO -[Overriding bean definition for bean 'org.springframework.transaction.config.internalTransactionAdvisor' with a different definition: replacing [Root bean: class [org.springframework.transaction.interceptor.BeanFactoryTransactionAttributeSourceAdvisor]; scope=; abstract=false; lazyInit=false; autowireMode=0; dependencyCheck=0; autowireCandidate=true; primary=false; factoryBeanName=null; factoryMethodName=null; initMethodName=null; destroyMethodName=null] with [Root bean: class [null]; scope=; abstract=false; lazyInit=false; autowireMode=3; dependencyCheck=0; autowireCandidate=true; primary=false; factoryBeanName=org.springframework.transaction.annotation.ProxyTransactionManagementConfiguration; factoryMethodName=transactionAdvisor; initMethodName=null; destroyMethodName=(inferred); defined in class path resource [org/springframework/transaction/annotation/ProxyTransactionManagementConfiguration.class]]]-[o.s.b.f.s.DefaultListableBeanFactory]-[main]
2017-07-05 14:58:39.142||INFO -[Skipping bean definition for [BeanMethod:name=transactionalEventListenerFactory,declaringClass=org.springframework.transaction.annotation.AbstractTransactionManagementConfiguration]: a definition for bean 'org.springframework.transaction.config.internalTransactionalEventListenerFactory' already exists. This top-level bean definition is considered as an override.]-[o.s.c.a.ConfigurationClassBeanDefinitionReader]-[main]
2017-07-05 14:58:39.382||INFO -[Loading properties file from class path resource [config.properties]]-[o.s.c.s.PropertySourcesPlaceholderConfigurer]-[main]
2017-07-05 14:58:39.480||INFO -[Initializing ExecutorService ]-[o.s.s.c.ThreadPoolTaskExecutor]-[main]
2017-07-05 14:58:39.481||INFO -[Bean 'executor' of type [class org.springframework.scheduling.config.TaskExecutorFactoryBean] is not eligible for getting processed by all BeanPostProcessors (for example: not eligible for auto-proxying)]-[o.s.c.s.PostProcessorRegistrationDelegate$BeanPostProcessorChecker]-[main]
2017-07-05 14:58:39.481||INFO -[Bean 'executor' of type [class org.springframework.scheduling.concurrent.ThreadPoolTaskExecutor] is not eligible for getting processed by all BeanPostProcessors (for example: not eligible for auto-proxying)]-[o.s.c.s.PostProcessorRegistrationDelegate$BeanPostProcessorChecker]-[main]
2017-07-05 14:58:39.526||INFO -[Initializing ExecutorService  'scheduler']-[o.s.s.c.ThreadPoolTaskScheduler]-[main]
2017-07-05 14:58:39.526||INFO -[Bean 'scheduler' of type [class org.springframework.scheduling.concurrent.ThreadPoolTaskScheduler] is not eligible for getting processed by all BeanPostProcessors (for example: not eligible for auto-proxying)]-[o.s.c.s.PostProcessorRegistrationDelegate$BeanPostProcessorChecker]-[main]
2017-07-05 14:58:39.575||INFO -[Bean 'dataSource' of type [class org.logicalcobwebs.proxool.ProxoolDataSource] is not eligible for getting processed by all BeanPostProcessors (for example: not eligible for auto-proxying)]-[o.s.c.s.PostProcessorRegistrationDelegate$BeanPostProcessorChecker]-[main]
2017-07-05 14:58:39.668||INFO -[Bean 'sqlSessionFactory' of type [class org.mybatis.spring.SqlSessionFactoryBean] is not eligible for getting processed by all BeanPostProcessors (for example: not eligible for auto-proxying)]-[o.s.c.s.PostProcessorRegistrationDelegate$BeanPostProcessorChecker]-[main]
2017-07-05 14:58:39.669||INFO -[Bean 'sqlSessionFactory' of type [class org.apache.ibatis.session.defaults.DefaultSqlSessionFactory] is not eligible for getting processed by all BeanPostProcessors (for example: not eligible for auto-proxying)]-[o.s.c.s.PostProcessorRegistrationDelegate$BeanPostProcessorChecker]-[main]
2017-07-05 14:58:39.722||INFO -[Bean 'systemLogMapper' of type [class org.mybatis.spring.mapper.MapperFactoryBean] is not eligible for getting processed by all BeanPostProcessors (for example: not eligible for auto-proxying)]-[o.s.c.s.PostProcessorRegistrationDelegate$BeanPostProcessorChecker]-[main]
2017-07-05 14:58:39.776||INFO -[Bean 'JRQTraderInfoMapper' of type [class org.mybatis.spring.mapper.MapperFactoryBean] is not eligible for getting processed by all BeanPostProcessors (for example: not eligible for auto-proxying)]-[o.s.c.s.PostProcessorRegistrationDelegate$BeanPostProcessorChecker]-[main]
2017-07-05 14:58:39.797||INFO -[Bean 'JRQOrderInfoMapper' of type [class org.mybatis.spring.mapper.MapperFactoryBean] is not eligible for getting processed by all BeanPostProcessors (for example: not eligible for auto-proxying)]-[o.s.c.s.PostProcessorRegistrationDelegate$BeanPostProcessorChecker]-[main]
2017-07-05 14:58:39.857||INFO -[Bean 'org.springframework.transaction.annotation.ProxyTransactionManagementConfiguration' of type [class org.springframework.transaction.annotation.ProxyTransactionManagementConfiguration$$EnhancerBySpringCGLIB$$4358e616] is not eligible for getting processed by all BeanPostProcessors (for example: not eligible for auto-proxying)]-[o.s.c.s.PostProcessorRegistrationDelegate$BeanPostProcessorChecker]-[main]
2017-07-05 14:58:40.502||INFO -[Tomcat initialized with port(s): 8080 (http)]-[o.s.b.c.e.t.TomcatEmbeddedServletContainer]-[main]
2017-07-05 14:58:40.518||INFO -[Starting service Tomcat]-[o.a.catalina.core.StandardService]-[main]
2017-07-05 14:58:40.519||INFO -[Starting Servlet Engine: Apache Tomcat/8.5.5]-[o.a.catalina.core.StandardEngine]-[main]
2017-07-05 14:58:40.802||INFO -[At least one JAR was scanned for TLDs yet contained no TLDs. Enable debug logging for this logger for a complete list of JARs that were scanned but no TLDs were found in them. Skipping unneeded JARs during scanning can improve startup time and JSP compilation time.]-[o.apache.jasper.servlet.TldScanner]-[localhost-startStop-1]
2017-07-05 14:58:40.806||INFO -[Initializing Spring embedded WebApplicationContext]-[o.a.c.c.C.[Tomcat].[localhost].[/]]-[localhost-startStop-1]
2017-07-05 14:58:40.806||INFO -[Root WebApplicationContext: initialization completed in 2765 ms]-[o.s.web.context.ContextLoader]-[localhost-startStop-1]
2017-07-05 14:58:40.996||INFO -[Mapping servlet: 'dispatcherServlet' to [/]]-[o.s.b.w.s.ServletRegistrationBean]-[localhost-startStop-1]
2017-07-05 14:58:41.001||INFO -[Mapping filter: 'characterEncodingFilter' to: [/*]]-[o.s.b.w.s.FilterRegistrationBean]-[localhost-startStop-1]
2017-07-05 14:58:41.002||INFO -[Mapping filter: 'hiddenHttpMethodFilter' to: [/*]]-[o.s.b.w.s.FilterRegistrationBean]-[localhost-startStop-1]
2017-07-05 14:58:41.002||INFO -[Mapping filter: 'httpPutFormContentFilter' to: [/*]]-[o.s.b.w.s.FilterRegistrationBean]-[localhost-startStop-1]
2017-07-05 14:58:41.002||INFO -[Mapping filter: 'requestContextFilter' to: [/*]]-[o.s.b.w.s.FilterRegistrationBean]-[localhost-startStop-1]
2017-07-05 14:58:41.130||INFO -[Initializing ExecutorService  'threadPoolTaskExecutor']-[o.s.s.c.ThreadPoolTaskExecutor]-[main]
2017-07-05 14:58:41.436||INFO -[Looking for @ControllerAdvice: org.springframework.boot.context.embedded.AnnotationConfigEmbeddedWebApplicationContext@56928307: startup date [Wed Jul 05 14:58:38 CST 2017]; root of context hierarchy]-[o.s.w.s.m.m.a.RequestMappingHandlerAdapter]-[main]
2017-07-05 14:58:41.520||INFO -[Mapped "{[/login/login]}" onto public java.lang.String com.ch.jrq.controller.LoginController.login()]-[o.s.w.s.m.m.a.RequestMappingHandlerMapping]-[main]
2017-07-05 14:58:41.521||INFO -[Mapped "{[/login/checkLogin]}" onto public com.ch.jrq.utils.StatusJSON com.ch.jrq.controller.LoginController.checkLogin(javax.servlet.http.HttpSession,java.lang.String,java.lang.String)]-[o.s.w.s.m.m.a.RequestMappingHandlerMapping]-[main]
2017-07-05 14:58:41.522||INFO -[Mapped "{[/order/order]}" onto public java.lang.String com.ch.jrq.controller.OrderInfoController.trade(org.springframework.ui.ModelMap)]-[o.s.w.s.m.m.a.RequestMappingHandlerMapping]-[main]
2017-07-05 14:58:41.522||INFO -[Mapped "{[/order/orderContent]}" onto public java.lang.String com.ch.jrq.controller.OrderInfoController.tradedata(org.springframework.ui.ModelMap,java.lang.String,java.lang.String,java.lang.String,java.lang.String)]-[o.s.w.s.m.m.a.RequestMappingHandlerMapping]-[main]
2017-07-05 14:58:41.525||INFO -[Mapped "{[/trader/traderContent]}" onto public java.lang.String com.ch.jrq.controller.TraderInfoController.traderContent(org.springframework.ui.ModelMap,java.lang.String)]-[o.s.w.s.m.m.a.RequestMappingHandlerMapping]-[main]
2017-07-05 14:58:41.525||INFO -[Mapped "{[/trader/trader]}" onto public java.lang.String com.ch.jrq.controller.TraderInfoController.trader()]-[o.s.w.s.m.m.a.RequestMappingHandlerMapping]-[main]
2017-07-05 14:58:41.525||INFO -[Mapped "{[/trader/addTrader]}" onto public com.ch.jrq.utils.StatusJSON com.ch.jrq.controller.TraderInfoController.addTrader(java.lang.String,java.lang.String)]-[o.s.w.s.m.m.a.RequestMappingHandlerMapping]-[main]
2017-07-05 14:58:41.525||INFO -[Mapped "{[/trader/updateTraderStatus]}" onto public java.lang.String com.ch.jrq.controller.TraderInfoController.updateTraderStatus(java.lang.String,java.lang.String)]-[o.s.w.s.m.m.a.RequestMappingHandlerMapping]-[main]
2017-07-05 14:58:41.526||INFO -[Mapped "{[/trader/exportTraderFile]}" onto public com.ch.jrq.utils.StatusJSON com.ch.jrq.controller.TraderInfoController.exportTraderFile()]-[o.s.w.s.m.m.a.RequestMappingHandlerMapping]-[main]
2017-07-05 14:58:41.526||INFO -[Mapped "{[/userController/testAOP]}" onto public void com.ch.jrq.controller.UserController.testAOP(java.lang.String,java.lang.String)]-[o.s.w.s.m.m.a.RequestMappingHandlerMapping]-[main]
2017-07-05 14:58:41.529||INFO -[Mapped "{[/error]}" onto public org.springframework.http.ResponseEntity<java.util.Map<java.lang.String, java.lang.Object>> org.springframework.boot.autoconfigure.web.BasicErrorController.error(javax.servlet.http.HttpServletRequest)]-[o.s.w.s.m.m.a.RequestMappingHandlerMapping]-[main]
2017-07-05 14:58:41.529||INFO -[Mapped "{[/error],produces=[text/html]}" onto public org.springframework.web.servlet.ModelAndView org.springframework.boot.autoconfigure.web.BasicErrorController.errorHtml(javax.servlet.http.HttpServletRequest,javax.servlet.http.HttpServletResponse)]-[o.s.w.s.m.m.a.RequestMappingHandlerMapping]-[main]
2017-07-05 14:58:41.578||INFO -[Mapped URL path [/webjars/**] onto handler of type [class org.springframework.web.servlet.resource.ResourceHttpRequestHandler]]-[o.s.w.s.h.SimpleUrlHandlerMapping]-[main]
2017-07-05 14:58:41.578||INFO -[Mapped URL path [/**] onto handler of type [class org.springframework.web.servlet.resource.ResourceHttpRequestHandler]]-[o.s.w.s.h.SimpleUrlHandlerMapping]-[main]
2017-07-05 14:58:41.754||INFO -[Mapped URL path [/**/favicon.ico] onto handler of type [class org.springframework.web.servlet.resource.ResourceHttpRequestHandler]]-[o.s.w.s.h.SimpleUrlHandlerMapping]-[main]
2017-07-05 14:58:42.168||INFO -[Registering beans for JMX exposure on startup]-[o.s.j.e.a.AnnotationMBeanExporter]-[main]
2017-07-05 14:58:42.194||INFO -[Initializing ProtocolHandler ["http-nio-8080"]]-[o.a.coyote.http11.Http11NioProtocol]-[main]
2017-07-05 14:58:42.208||INFO -[Starting ProtocolHandler [http-nio-8080]]-[o.a.coyote.http11.Http11NioProtocol]-[main]
2017-07-05 14:58:42.229||INFO -[Using a shared selector for servlet write/read]-[o.a.tomcat.util.net.NioSelectorPool]-[main]
2017-07-05 14:58:42.264||INFO -[Tomcat started on port(s): 8080 (http)]-[o.s.b.c.e.t.TomcatEmbeddedServletContainer]-[main]
2017-07-05 14:58:42.270||INFO -[Started SpringBootDemoApplication in 4.783 seconds (JVM running for 5.385)]-[com.ch.SpringBootDemoApplication]-[main]
2017-07-05 15:00:03.938||INFO -[2017-07-05 15:00:03 开始执行定时任务]-[c.c.j.c.TraderInfoController]-[scheduler-1]
2017-07-05 15:00:04.690||INFO -[抓取牛人：陈亨的交易数据，牛人ID：5055710###Start]-[c.c.j.c.TraderInfoController]-[threadPoolTaskExecutor-1]
2017-07-05 15:00:06.502||INFO -[抓取牛人：陈亨的交易数据，牛人ID：5055710###End，异常：org.mybatis.spring.MyBatisSystemException: nested exception is org.apache.ibatis.binding.BindingException: Parameter 'com' not found. Available parameters are [collection, list]]-[c.c.j.c.TraderInfoController]-[threadPoolTaskExecutor-1]
2017-07-05 15:00:08.371||INFO -[执行爬虫定时任务，时间：2017-07-05 15:00:08,共请求牛人：1,成功请求：0,失败请求：1]-[c.c.j.c.TraderInfoController]-[scheduler-1]
2017-07-05 15:11:12.909||INFO -[Starting SpringBootDemoApplication on bogon with PID 52916 (/Users/xiaowan/Documents/studyspace/JRQTrade/target/classes started by xiaowan in /Users/xiaowan/Documents/studyspace/JRQTrade)]-[com.ch.SpringBootDemoApplication]-[main]
2017-07-05 15:11:12.913||INFO -[No active profile set, falling back to default profiles: default]-[com.ch.SpringBootDemoApplication]-[main]
2017-07-05 15:11:12.977||INFO -[Refreshing org.springframework.boot.context.embedded.AnnotationConfigEmbeddedWebApplicationContext@5e5d171f: startup date [Wed Jul 05 15:11:12 CST 2017]; root of context hierarchy]-[o.s.b.c.e.AnnotationConfigEmbeddedWebApplicationContext]-[main]
2017-07-05 15:11:13.118||INFO -[HV000001: Hibernate Validator 5.2.4.Final]-[o.h.validator.internal.util.Version]-[background-preinit]
2017-07-05 15:11:13.547||INFO -[Loading XML bean definitions from class path resource [application-context.xml]]-[o.s.b.f.xml.XmlBeanDefinitionReader]-[main]
2017-07-05 15:11:13.730||INFO -[Loading XML bean definitions from class path resource [threadPool.xml]]-[o.s.b.f.xml.XmlBeanDefinitionReader]-[main]
2017-07-05 15:11:13.858||INFO -[Overriding bean definition for bean 'org.springframework.transaction.config.internalTransactionAdvisor' with a different definition: replacing [Root bean: class [org.springframework.transaction.interceptor.BeanFactoryTransactionAttributeSourceAdvisor]; scope=; abstract=false; lazyInit=false; autowireMode=0; dependencyCheck=0; autowireCandidate=true; primary=false; factoryBeanName=null; factoryMethodName=null; initMethodName=null; destroyMethodName=null] with [Root bean: class [null]; scope=; abstract=false; lazyInit=false; autowireMode=3; dependencyCheck=0; autowireCandidate=true; primary=false; factoryBeanName=org.springframework.transaction.annotation.ProxyTransactionManagementConfiguration; factoryMethodName=transactionAdvisor; initMethodName=null; destroyMethodName=(inferred); defined in class path resource [org/springframework/transaction/annotation/ProxyTransactionManagementConfiguration.class]]]-[o.s.b.f.s.DefaultListableBeanFactory]-[main]
2017-07-05 15:11:13.859||INFO -[Skipping bean definition for [BeanMethod:name=transactionalEventListenerFactory,declaringClass=org.springframework.transaction.annotation.AbstractTransactionManagementConfiguration]: a definition for bean 'org.springframework.transaction.config.internalTransactionalEventListenerFactory' already exists. This top-level bean definition is considered as an override.]-[o.s.c.a.ConfigurationClassBeanDefinitionReader]-[main]
2017-07-05 15:11:14.061||INFO -[Loading properties file from class path resource [config.properties]]-[o.s.c.s.PropertySourcesPlaceholderConfigurer]-[main]
2017-07-05 15:11:14.129||INFO -[Initializing ExecutorService ]-[o.s.s.c.ThreadPoolTaskExecutor]-[main]
2017-07-05 15:11:14.129||INFO -[Bean 'executor' of type [class org.springframework.scheduling.config.TaskExecutorFactoryBean] is not eligible for getting processed by all BeanPostProcessors (for example: not eligible for auto-proxying)]-[o.s.c.s.PostProcessorRegistrationDelegate$BeanPostProcessorChecker]-[main]
2017-07-05 15:11:14.130||INFO -[Bean 'executor' of type [class org.springframework.scheduling.concurrent.ThreadPoolTaskExecutor] is not eligible for getting processed by all BeanPostProcessors (for example: not eligible for auto-proxying)]-[o.s.c.s.PostProcessorRegistrationDelegate$BeanPostProcessorChecker]-[main]
2017-07-05 15:11:14.162||INFO -[Initializing ExecutorService  'scheduler']-[o.s.s.c.ThreadPoolTaskScheduler]-[main]
2017-07-05 15:11:14.162||INFO -[Bean 'scheduler' of type [class org.springframework.scheduling.concurrent.ThreadPoolTaskScheduler] is not eligible for getting processed by all BeanPostProcessors (for example: not eligible for auto-proxying)]-[o.s.c.s.PostProcessorRegistrationDelegate$BeanPostProcessorChecker]-[main]
2017-07-05 15:11:14.195||INFO -[Bean 'dataSource' of type [class org.logicalcobwebs.proxool.ProxoolDataSource] is not eligible for getting processed by all BeanPostProcessors (for example: not eligible for auto-proxying)]-[o.s.c.s.PostProcessorRegistrationDelegate$BeanPostProcessorChecker]-[main]
2017-07-05 15:11:14.266||INFO -[Bean 'sqlSessionFactory' of type [class org.mybatis.spring.SqlSessionFactoryBean] is not eligible for getting processed by all BeanPostProcessors (for example: not eligible for auto-proxying)]-[o.s.c.s.PostProcessorRegistrationDelegate$BeanPostProcessorChecker]-[main]
2017-07-05 15:11:14.267||INFO -[Bean 'sqlSessionFactory' of type [class org.apache.ibatis.session.defaults.DefaultSqlSessionFactory] is not eligible for getting processed by all BeanPostProcessors (for example: not eligible for auto-proxying)]-[o.s.c.s.PostProcessorRegistrationDelegate$BeanPostProcessorChecker]-[main]
2017-07-05 15:11:14.309||INFO -[Bean 'systemLogMapper' of type [class org.mybatis.spring.mapper.MapperFactoryBean] is not eligible for getting processed by all BeanPostProcessors (for example: not eligible for auto-proxying)]-[o.s.c.s.PostProcessorRegistrationDelegate$BeanPostProcessorChecker]-[main]
2017-07-05 15:11:14.361||INFO -[Bean 'JRQTraderInfoMapper' of type [class org.mybatis.spring.mapper.MapperFactoryBean] is not eligible for getting processed by all BeanPostProcessors (for example: not eligible for auto-proxying)]-[o.s.c.s.PostProcessorRegistrationDelegate$BeanPostProcessorChecker]-[main]
2017-07-05 15:11:14.378||INFO -[Bean 'JRQOrderInfoMapper' of type [class org.mybatis.spring.mapper.MapperFactoryBean] is not eligible for getting processed by all BeanPostProcessors (for example: not eligible for auto-proxying)]-[o.s.c.s.PostProcessorRegistrationDelegate$BeanPostProcessorChecker]-[main]
2017-07-05 15:11:14.429||INFO -[Bean 'org.springframework.transaction.annotation.ProxyTransactionManagementConfiguration' of type [class org.springframework.transaction.annotation.ProxyTransactionManagementConfiguration$$EnhancerBySpringCGLIB$$d58e3320] is not eligible for getting processed by all BeanPostProcessors (for example: not eligible for auto-proxying)]-[o.s.c.s.PostProcessorRegistrationDelegate$BeanPostProcessorChecker]-[main]
2017-07-05 15:11:14.870||INFO -[Tomcat initialized with port(s): 8080 (http)]-[o.s.b.c.e.t.TomcatEmbeddedServletContainer]-[main]
2017-07-05 15:11:14.887||INFO -[Starting service Tomcat]-[o.a.catalina.core.StandardService]-[main]
2017-07-05 15:11:14.888||INFO -[Starting Servlet Engine: Apache Tomcat/8.5.5]-[o.a.catalina.core.StandardEngine]-[main]
2017-07-05 15:11:15.171||INFO -[At least one JAR was scanned for TLDs yet contained no TLDs. Enable debug logging for this logger for a complete list of JARs that were scanned but no TLDs were found in them. Skipping unneeded JARs during scanning can improve startup time and JSP compilation time.]-[o.apache.jasper.servlet.TldScanner]-[localhost-startStop-1]
2017-07-05 15:11:15.176||INFO -[Initializing Spring embedded WebApplicationContext]-[o.a.c.c.C.[Tomcat].[localhost].[/]]-[localhost-startStop-1]
2017-07-05 15:11:15.176||INFO -[Root WebApplicationContext: initialization completed in 2199 ms]-[o.s.web.context.ContextLoader]-[localhost-startStop-1]
2017-07-05 15:11:15.327||INFO -[Mapping servlet: 'dispatcherServlet' to [/]]-[o.s.b.w.s.ServletRegistrationBean]-[localhost-startStop-1]
2017-07-05 15:11:15.332||INFO -[Mapping filter: 'characterEncodingFilter' to: [/*]]-[o.s.b.w.s.FilterRegistrationBean]-[localhost-startStop-1]
2017-07-05 15:11:15.333||INFO -[Mapping filter: 'hiddenHttpMethodFilter' to: [/*]]-[o.s.b.w.s.FilterRegistrationBean]-[localhost-startStop-1]
2017-07-05 15:11:15.333||INFO -[Mapping filter: 'httpPutFormContentFilter' to: [/*]]-[o.s.b.w.s.FilterRegistrationBean]-[localhost-startStop-1]
2017-07-05 15:11:15.333||INFO -[Mapping filter: 'requestContextFilter' to: [/*]]-[o.s.b.w.s.FilterRegistrationBean]-[localhost-startStop-1]
2017-07-05 15:11:15.413||INFO -[Initializing ExecutorService  'threadPoolTaskExecutor']-[o.s.s.c.ThreadPoolTaskExecutor]-[main]
2017-07-05 15:11:15.634||INFO -[Looking for @ControllerAdvice: org.springframework.boot.context.embedded.AnnotationConfigEmbeddedWebApplicationContext@5e5d171f: startup date [Wed Jul 05 15:11:12 CST 2017]; root of context hierarchy]-[o.s.w.s.m.m.a.RequestMappingHandlerAdapter]-[main]
2017-07-05 15:11:15.698||INFO -[Mapped "{[/login/login]}" onto public java.lang.String com.ch.jrq.controller.LoginController.login()]-[o.s.w.s.m.m.a.RequestMappingHandlerMapping]-[main]
2017-07-05 15:11:15.699||INFO -[Mapped "{[/login/checkLogin]}" onto public com.ch.jrq.utils.StatusJSON com.ch.jrq.controller.LoginController.checkLogin(javax.servlet.http.HttpSession,java.lang.String,java.lang.String)]-[o.s.w.s.m.m.a.RequestMappingHandlerMapping]-[main]
2017-07-05 15:11:15.700||INFO -[Mapped "{[/order/order]}" onto public java.lang.String com.ch.jrq.controller.OrderInfoController.trade(org.springframework.ui.ModelMap)]-[o.s.w.s.m.m.a.RequestMappingHandlerMapping]-[main]
2017-07-05 15:11:15.700||INFO -[Mapped "{[/order/orderContent]}" onto public java.lang.String com.ch.jrq.controller.OrderInfoController.tradedata(org.springframework.ui.ModelMap,java.lang.String,java.lang.String,java.lang.String,java.lang.String)]-[o.s.w.s.m.m.a.RequestMappingHandlerMapping]-[main]
2017-07-05 15:11:15.703||INFO -[Mapped "{[/trader/trader]}" onto public java.lang.String com.ch.jrq.controller.TraderInfoController.trader()]-[o.s.w.s.m.m.a.RequestMappingHandlerMapping]-[main]
2017-07-05 15:11:15.703||INFO -[Mapped "{[/trader/traderContent]}" onto public java.lang.String com.ch.jrq.controller.TraderInfoController.traderContent(org.springframework.ui.ModelMap,java.lang.String)]-[o.s.w.s.m.m.a.RequestMappingHandlerMapping]-[main]
2017-07-05 15:11:15.703||INFO -[Mapped "{[/trader/addTrader]}" onto public com.ch.jrq.utils.StatusJSON com.ch.jrq.controller.TraderInfoController.addTrader(java.lang.String,java.lang.String)]-[o.s.w.s.m.m.a.RequestMappingHandlerMapping]-[main]
2017-07-05 15:11:15.703||INFO -[Mapped "{[/trader/updateTraderStatus]}" onto public java.lang.String com.ch.jrq.controller.TraderInfoController.updateTraderStatus(java.lang.String,java.lang.String)]-[o.s.w.s.m.m.a.RequestMappingHandlerMapping]-[main]
2017-07-05 15:11:15.703||INFO -[Mapped "{[/trader/exportTraderFile]}" onto public com.ch.jrq.utils.StatusJSON com.ch.jrq.controller.TraderInfoController.exportTraderFile()]-[o.s.w.s.m.m.a.RequestMappingHandlerMapping]-[main]
2017-07-05 15:11:15.704||INFO -[Mapped "{[/userController/testAOP]}" onto public void com.ch.jrq.controller.UserController.testAOP(java.lang.String,java.lang.String)]-[o.s.w.s.m.m.a.RequestMappingHandlerMapping]-[main]
2017-07-05 15:11:15.707||INFO -[Mapped "{[/error]}" onto public org.springframework.http.ResponseEntity<java.util.Map<java.lang.String, java.lang.Object>> org.springframework.boot.autoconfigure.web.BasicErrorController.error(javax.servlet.http.HttpServletRequest)]-[o.s.w.s.m.m.a.RequestMappingHandlerMapping]-[main]
2017-07-05 15:11:15.707||INFO -[Mapped "{[/error],produces=[text/html]}" onto public org.springframework.web.servlet.ModelAndView org.springframework.boot.autoconfigure.web.BasicErrorController.errorHtml(javax.servlet.http.HttpServletRequest,javax.servlet.http.HttpServletResponse)]-[o.s.w.s.m.m.a.RequestMappingHandlerMapping]-[main]
2017-07-05 15:11:15.741||INFO -[Mapped URL path [/webjars/**] onto handler of type [class org.springframework.web.servlet.resource.ResourceHttpRequestHandler]]-[o.s.w.s.h.SimpleUrlHandlerMapping]-[main]
2017-07-05 15:11:15.741||INFO -[Mapped URL path [/**] onto handler of type [class org.springframework.web.servlet.resource.ResourceHttpRequestHandler]]-[o.s.w.s.h.SimpleUrlHandlerMapping]-[main]
2017-07-05 15:11:15.776||INFO -[Mapped URL path [/**/favicon.ico] onto handler of type [class org.springframework.web.servlet.resource.ResourceHttpRequestHandler]]-[o.s.w.s.h.SimpleUrlHandlerMapping]-[main]
2017-07-05 15:11:16.097||INFO -[Registering beans for JMX exposure on startup]-[o.s.j.e.a.AnnotationMBeanExporter]-[main]
2017-07-05 15:11:16.118||INFO -[Initializing ProtocolHandler ["http-nio-8080"]]-[o.a.coyote.http11.Http11NioProtocol]-[main]
2017-07-05 15:11:16.132||INFO -[Starting ProtocolHandler [http-nio-8080]]-[o.a.coyote.http11.Http11NioProtocol]-[main]
2017-07-05 15:11:16.151||INFO -[Using a shared selector for servlet write/read]-[o.a.tomcat.util.net.NioSelectorPool]-[main]
2017-07-05 15:11:16.181||INFO -[Tomcat started on port(s): 8080 (http)]-[o.s.b.c.e.t.TomcatEmbeddedServletContainer]-[main]
2017-07-05 15:11:16.186||INFO -[Started SpringBootDemoApplication in 3.649 seconds (JVM running for 4.144)]-[com.ch.SpringBootDemoApplication]-[main]
2017-07-05 15:12:00.002||INFO -[2017-07-05 15:12:00 开始执行定时任务]-[c.c.j.c.TraderInfoController]-[scheduler-1]
2017-07-05 15:12:00.693||INFO -[抓取牛人：陈亨的交易数据，牛人ID：5055710###Start]-[c.c.j.c.TraderInfoController]-[threadPoolTaskExecutor-1]
2017-07-05 15:12:00.693||INFO -[执行爬虫定时任务，时间：2017-07-05 15:12:00,共请求牛人：1,成功请求：0,失败请求：0]-[c.c.j.c.TraderInfoController]-[scheduler-1]
2017-07-05 15:12:02.084||INFO -[Loading XML bean definitions from class path resource [org/springframework/jdbc/support/sql-error-codes.xml]]-[o.s.b.f.xml.XmlBeanDefinitionReader]-[threadPoolTaskExecutor-1]
2017-07-05 15:12:02.119||INFO -[SQLErrorCodes loaded: [DB2, Derby, H2, HSQL, Informix, MS-SQL, MySQL, Oracle, PostgreSQL, Sybase, Hana]]-[o.s.j.support.SQLErrorCodesFactory]-[threadPoolTaskExecutor-1]
2017-07-05 15:12:02.124||INFO -[抓取牛人：陈亨的交易数据，牛人ID：5055710###End，异常：org.springframework.dao.DataIntegrityViolationException: 
### Error updating database.  Cause: java.sql.SQLException: Data truncated for column 'open_time' at row 1
### The error may involve com.ch.jrq.dao.JRQOrderInfoMapper.addOrderInfoByList-Inline
### The error occurred while setting parameters
### SQL: INSERT INTO jrq_order_info (   order_id,   trader_id,   trader_name,   symbol,   open_time,   close_time,   open_price,   close_price,   volume,   stop_loss,   take_profit,   profit,   open_status,   open_describe,   close_status,   close_describe,   content,   create_time  )  SELECT a.*  FROM(       SELECT   ? order_id,   ? trader_id,   ? trader_name,   ? symbol,   ? open_time,   ? close_time,   ? open_price,   ? close_price,   ? volume,   ? stop_loss,   ? take_profit,   ? profit,   ? open_status,   ? open_describe,   ? close_status,   ? close_describe,   ? content,   now()   FROM dual   UNION ALL    SELECT   ? order_id,   ? trader_id,   ? trader_name,   ? symbol,   ? open_time,   ? close_time,   ? open_price,   ? close_price,   ? volume,   ? stop_loss,   ? take_profit,   ? profit,   ? open_status,   ? open_describe,   ? close_status,   ? close_describe,   ? content,   now()   FROM dual   UNION ALL    SELECT   ? order_id,   ? trader_id,   ? trader_name,   ? symbol,   ? open_time,   ? close_time,   ? open_price,   ? close_price,   ? volume,   ? stop_loss,   ? take_profit,   ? profit,   ? open_status,   ? open_describe,   ? close_status,   ? close_describe,   ? content,   now()   FROM dual   UNION ALL    SELECT   ? order_id,   ? trader_id,   ? trader_name,   ? symbol,   ? open_time,   ? close_time,   ? open_price,   ? close_price,   ? volume,   ? stop_loss,   ? take_profit,   ? profit,   ? open_status,   ? open_describe,   ? close_status,   ? close_describe,   ? content,   now()   FROM dual   UNION ALL    SELECT   ? order_id,   ? trader_id,   ? trader_name,   ? symbol,   ? open_time,   ? close_time,   ? open_price,   ? close_price,   ? volume,   ? stop_loss,   ? take_profit,   ? profit,   ? open_status,   ? open_describe,   ? close_status,   ? close_describe,   ? content,   now()   FROM dual   UNION ALL    SELECT   ? order_id,   ? trader_id,   ? trader_name,   ? symbol,   ? open_time,   ? close_time,   ? open_price,   ? close_price,   ? volume,   ? stop_loss,   ? take_profit,   ? profit,   ? open_status,   ? open_describe,   ? close_status,   ? close_describe,   ? content,   now()   FROM dual   UNION ALL    SELECT   ? order_id,   ? trader_id,   ? trader_name,   ? symbol,   ? open_time,   ? close_time,   ? open_price,   ? close_price,   ? volume,   ? stop_loss,   ? take_profit,   ? profit,   ? open_status,   ? open_describe,   ? close_status,   ? close_describe,   ? content,   now()   FROM dual   UNION ALL    SELECT   ? order_id,   ? trader_id,   ? trader_name,   ? symbol,   ? open_time,   ? close_time,   ? open_price,   ? close_price,   ? volume,   ? stop_loss,   ? take_profit,   ? profit,   ? open_status,   ? open_describe,   ? close_status,   ? close_describe,   ? content,   now()   FROM dual   UNION ALL    SELECT   ? order_id,   ? trader_id,   ? trader_name,   ? symbol,   ? open_time,   ? close_time,   ? open_price,   ? close_price,   ? volume,   ? stop_loss,   ? take_profit,   ? profit,   ? open_status,   ? open_describe,   ? close_status,   ? close_describe,   ? content,   now()   FROM dual   UNION ALL    SELECT   ? order_id,   ? trader_id,   ? trader_name,   ? symbol,   ? open_time,   ? close_time,   ? open_price,   ? close_price,   ? volume,   ? stop_loss,   ? take_profit,   ? profit,   ? open_status,   ? open_describe,   ? close_status,   ? close_describe,   ? content,   now()   FROM dual     ) a
### Cause: java.sql.SQLException: Data truncated for column 'open_time' at row 1
; SQL []; Data truncated for column 'open_time' at row 1; nested exception is java.sql.SQLException: Data truncated for column 'open_time' at row 1]-[c.c.j.c.TraderInfoController]-[threadPoolTaskExecutor-1]
2017-07-05 15:15:54.267||INFO -[Closing org.springframework.boot.context.embedded.AnnotationConfigEmbeddedWebApplicationContext@5e5d171f: startup date [Wed Jul 05 15:11:12 CST 2017]; root of context hierarchy]-[o.s.b.c.e.AnnotationConfigEmbeddedWebApplicationContext]-[Thread-2]
2017-07-05 15:15:54.267||INFO -[Shutting down 'null' pool immediately [Shutdown Hook]]-[org.logicalcobwebs.proxool.null]-[Shutdown Hook]
2017-07-05 15:15:54.270||INFO -[Stopping Prototyper thread]-[o.l.proxool.PrototyperController]-[Shutdown Hook]
2017-07-05 15:15:54.270||INFO -[Unregistering JMX-exposed beans on shutdown]-[o.s.j.e.a.AnnotationMBeanExporter]-[Thread-2]
2017-07-05 15:15:54.270||INFO -[Stopping HouseKeeper thread]-[o.l.proxool.HouseKeeperController]-[Shutdown Hook]
2017-07-05 15:15:54.271||INFO -[Shutting down ExecutorService 'threadPoolTaskExecutor']-[o.s.s.c.ThreadPoolTaskExecutor]-[Thread-2]
2017-07-05 15:15:54.272||INFO -[Shutting down ExecutorService 'scheduler']-[o.s.s.c.ThreadPoolTaskScheduler]-[Thread-2]
2017-07-05 15:15:54.273||INFO -[Shutting down ExecutorService]-[o.s.s.c.ThreadPoolTaskExecutor]-[Thread-2]
2017-07-05 15:16:18.002||INFO -[Starting SpringBootDemoApplication on bogon with PID 52930 (/Users/xiaowan/Documents/studyspace/JRQTrade/target/classes started by xiaowan in /Users/xiaowan/Documents/studyspace/JRQTrade)]-[com.ch.SpringBootDemoApplication]-[main]
2017-07-05 15:16:18.004||INFO -[No active profile set, falling back to default profiles: default]-[com.ch.SpringBootDemoApplication]-[main]
2017-07-05 15:16:18.063||INFO -[Refreshing org.springframework.boot.context.embedded.AnnotationConfigEmbeddedWebApplicationContext@5e5d171f: startup date [Wed Jul 05 15:16:18 CST 2017]; root of context hierarchy]-[o.s.b.c.e.AnnotationConfigEmbeddedWebApplicationContext]-[main]
2017-07-05 15:16:18.177||INFO -[HV000001: Hibernate Validator 5.2.4.Final]-[o.h.validator.internal.util.Version]-[background-preinit]
2017-07-05 15:16:18.565||INFO -[Loading XML bean definitions from class path resource [application-context.xml]]-[o.s.b.f.xml.XmlBeanDefinitionReader]-[main]
2017-07-05 15:16:18.753||INFO -[Loading XML bean definitions from class path resource [threadPool.xml]]-[o.s.b.f.xml.XmlBeanDefinitionReader]-[main]
2017-07-05 15:16:18.866||INFO -[Overriding bean definition for bean 'org.springframework.transaction.config.internalTransactionAdvisor' with a different definition: replacing [Root bean: class [org.springframework.transaction.interceptor.BeanFactoryTransactionAttributeSourceAdvisor]; scope=; abstract=false; lazyInit=false; autowireMode=0; dependencyCheck=0; autowireCandidate=true; primary=false; factoryBeanName=null; factoryMethodName=null; initMethodName=null; destroyMethodName=null] with [Root bean: class [null]; scope=; abstract=false; lazyInit=false; autowireMode=3; dependencyCheck=0; autowireCandidate=true; primary=false; factoryBeanName=org.springframework.transaction.annotation.ProxyTransactionManagementConfiguration; factoryMethodName=transactionAdvisor; initMethodName=null; destroyMethodName=(inferred); defined in class path resource [org/springframework/transaction/annotation/ProxyTransactionManagementConfiguration.class]]]-[o.s.b.f.s.DefaultListableBeanFactory]-[main]
2017-07-05 15:16:18.867||INFO -[Skipping bean definition for [BeanMethod:name=transactionalEventListenerFactory,declaringClass=org.springframework.transaction.annotation.AbstractTransactionManagementConfiguration]: a definition for bean 'org.springframework.transaction.config.internalTransactionalEventListenerFactory' already exists. This top-level bean definition is considered as an override.]-[o.s.c.a.ConfigurationClassBeanDefinitionReader]-[main]
2017-07-05 15:16:19.062||INFO -[Loading properties file from class path resource [config.properties]]-[o.s.c.s.PropertySourcesPlaceholderConfigurer]-[main]
2017-07-05 15:16:19.131||INFO -[Initializing ExecutorService ]-[o.s.s.c.ThreadPoolTaskExecutor]-[main]
2017-07-05 15:16:19.131||INFO -[Bean 'executor' of type [class org.springframework.scheduling.config.TaskExecutorFactoryBean] is not eligible for getting processed by all BeanPostProcessors (for example: not eligible for auto-proxying)]-[o.s.c.s.PostProcessorRegistrationDelegate$BeanPostProcessorChecker]-[main]
2017-07-05 15:16:19.132||INFO -[Bean 'executor' of type [class org.springframework.scheduling.concurrent.ThreadPoolTaskExecutor] is not eligible for getting processed by all BeanPostProcessors (for example: not eligible for auto-proxying)]-[o.s.c.s.PostProcessorRegistrationDelegate$BeanPostProcessorChecker]-[main]
2017-07-05 15:16:19.161||INFO -[Initializing ExecutorService  'scheduler']-[o.s.s.c.ThreadPoolTaskScheduler]-[main]
2017-07-05 15:16:19.161||INFO -[Bean 'scheduler' of type [class org.springframework.scheduling.concurrent.ThreadPoolTaskScheduler] is not eligible for getting processed by all BeanPostProcessors (for example: not eligible for auto-proxying)]-[o.s.c.s.PostProcessorRegistrationDelegate$BeanPostProcessorChecker]-[main]
2017-07-05 15:16:19.190||INFO -[Bean 'dataSource' of type [class org.logicalcobwebs.proxool.ProxoolDataSource] is not eligible for getting processed by all BeanPostProcessors (for example: not eligible for auto-proxying)]-[o.s.c.s.PostProcessorRegistrationDelegate$BeanPostProcessorChecker]-[main]
2017-07-05 15:16:19.268||INFO -[Bean 'sqlSessionFactory' of type [class org.mybatis.spring.SqlSessionFactoryBean] is not eligible for getting processed by all BeanPostProcessors (for example: not eligible for auto-proxying)]-[o.s.c.s.PostProcessorRegistrationDelegate$BeanPostProcessorChecker]-[main]
2017-07-05 15:16:19.268||INFO -[Bean 'sqlSessionFactory' of type [class org.apache.ibatis.session.defaults.DefaultSqlSessionFactory] is not eligible for getting processed by all BeanPostProcessors (for example: not eligible for auto-proxying)]-[o.s.c.s.PostProcessorRegistrationDelegate$BeanPostProcessorChecker]-[main]
2017-07-05 15:16:19.316||INFO -[Bean 'systemLogMapper' of type [class org.mybatis.spring.mapper.MapperFactoryBean] is not eligible for getting processed by all BeanPostProcessors (for example: not eligible for auto-proxying)]-[o.s.c.s.PostProcessorRegistrationDelegate$BeanPostProcessorChecker]-[main]
2017-07-05 15:16:19.354||INFO -[Bean 'JRQTraderInfoMapper' of type [class org.mybatis.spring.mapper.MapperFactoryBean] is not eligible for getting processed by all BeanPostProcessors (for example: not eligible for auto-proxying)]-[o.s.c.s.PostProcessorRegistrationDelegate$BeanPostProcessorChecker]-[main]
2017-07-05 15:16:19.370||INFO -[Bean 'JRQOrderInfoMapper' of type [class org.mybatis.spring.mapper.MapperFactoryBean] is not eligible for getting processed by all BeanPostProcessors (for example: not eligible for auto-proxying)]-[o.s.c.s.PostProcessorRegistrationDelegate$BeanPostProcessorChecker]-[main]
2017-07-05 15:16:19.411||INFO -[Bean 'org.springframework.transaction.annotation.ProxyTransactionManagementConfiguration' of type [class org.springframework.transaction.annotation.ProxyTransactionManagementConfiguration$$EnhancerBySpringCGLIB$$d58e3320] is not eligible for getting processed by all BeanPostProcessors (for example: not eligible for auto-proxying)]-[o.s.c.s.PostProcessorRegistrationDelegate$BeanPostProcessorChecker]-[main]
2017-07-05 15:16:19.830||INFO -[Tomcat initialized with port(s): 8080 (http)]-[o.s.b.c.e.t.TomcatEmbeddedServletContainer]-[main]
2017-07-05 15:16:19.845||INFO -[Starting service Tomcat]-[o.a.catalina.core.StandardService]-[main]
2017-07-05 15:16:19.846||INFO -[Starting Servlet Engine: Apache Tomcat/8.5.5]-[o.a.catalina.core.StandardEngine]-[main]
2017-07-05 15:16:20.131||INFO -[At least one JAR was scanned for TLDs yet contained no TLDs. Enable debug logging for this logger for a complete list of JARs that were scanned but no TLDs were found in them. Skipping unneeded JARs during scanning can improve startup time and JSP compilation time.]-[o.apache.jasper.servlet.TldScanner]-[localhost-startStop-1]
2017-07-05 15:16:20.135||INFO -[Initializing Spring embedded WebApplicationContext]-[o.a.c.c.C.[Tomcat].[localhost].[/]]-[localhost-startStop-1]
2017-07-05 15:16:20.136||INFO -[Root WebApplicationContext: initialization completed in 2073 ms]-[o.s.web.context.ContextLoader]-[localhost-startStop-1]
2017-07-05 15:16:20.289||INFO -[Mapping servlet: 'dispatcherServlet' to [/]]-[o.s.b.w.s.ServletRegistrationBean]-[localhost-startStop-1]
2017-07-05 15:16:20.293||INFO -[Mapping filter: 'characterEncodingFilter' to: [/*]]-[o.s.b.w.s.FilterRegistrationBean]-[localhost-startStop-1]
2017-07-05 15:16:20.294||INFO -[Mapping filter: 'hiddenHttpMethodFilter' to: [/*]]-[o.s.b.w.s.FilterRegistrationBean]-[localhost-startStop-1]
2017-07-05 15:16:20.294||INFO -[Mapping filter: 'httpPutFormContentFilter' to: [/*]]-[o.s.b.w.s.FilterRegistrationBean]-[localhost-startStop-1]
2017-07-05 15:16:20.294||INFO -[Mapping filter: 'requestContextFilter' to: [/*]]-[o.s.b.w.s.FilterRegistrationBean]-[localhost-startStop-1]
2017-07-05 15:16:20.379||INFO -[Initializing ExecutorService  'threadPoolTaskExecutor']-[o.s.s.c.ThreadPoolTaskExecutor]-[main]
2017-07-05 15:16:20.607||INFO -[Looking for @ControllerAdvice: org.springframework.boot.context.embedded.AnnotationConfigEmbeddedWebApplicationContext@5e5d171f: startup date [Wed Jul 05 15:16:18 CST 2017]; root of context hierarchy]-[o.s.w.s.m.m.a.RequestMappingHandlerAdapter]-[main]
2017-07-05 15:16:20.678||INFO -[Mapped "{[/login/login]}" onto public java.lang.String com.ch.jrq.controller.LoginController.login()]-[o.s.w.s.m.m.a.RequestMappingHandlerMapping]-[main]
2017-07-05 15:16:20.679||INFO -[Mapped "{[/login/checkLogin]}" onto public com.ch.jrq.utils.StatusJSON com.ch.jrq.controller.LoginController.checkLogin(javax.servlet.http.HttpSession,java.lang.String,java.lang.String)]-[o.s.w.s.m.m.a.RequestMappingHandlerMapping]-[main]
2017-07-05 15:16:20.680||INFO -[Mapped "{[/order/order]}" onto public java.lang.String com.ch.jrq.controller.OrderInfoController.trade(org.springframework.ui.ModelMap)]-[o.s.w.s.m.m.a.RequestMappingHandlerMapping]-[main]
2017-07-05 15:16:20.680||INFO -[Mapped "{[/order/orderContent]}" onto public java.lang.String com.ch.jrq.controller.OrderInfoController.tradedata(org.springframework.ui.ModelMap,java.lang.String,java.lang.String,java.lang.String,java.lang.String)]-[o.s.w.s.m.m.a.RequestMappingHandlerMapping]-[main]
2017-07-05 15:16:20.682||INFO -[Mapped "{[/trader/trader]}" onto public java.lang.String com.ch.jrq.controller.TraderInfoController.trader()]-[o.s.w.s.m.m.a.RequestMappingHandlerMapping]-[main]
2017-07-05 15:16:20.683||INFO -[Mapped "{[/trader/traderContent]}" onto public java.lang.String com.ch.jrq.controller.TraderInfoController.traderContent(org.springframework.ui.ModelMap,java.lang.String)]-[o.s.w.s.m.m.a.RequestMappingHandlerMapping]-[main]
2017-07-05 15:16:20.683||INFO -[Mapped "{[/trader/addTrader]}" onto public com.ch.jrq.utils.StatusJSON com.ch.jrq.controller.TraderInfoController.addTrader(java.lang.String,java.lang.String)]-[o.s.w.s.m.m.a.RequestMappingHandlerMapping]-[main]
2017-07-05 15:16:20.683||INFO -[Mapped "{[/trader/updateTraderStatus]}" onto public java.lang.String com.ch.jrq.controller.TraderInfoController.updateTraderStatus(java.lang.String,java.lang.String)]-[o.s.w.s.m.m.a.RequestMappingHandlerMapping]-[main]
2017-07-05 15:16:20.683||INFO -[Mapped "{[/trader/exportTraderFile]}" onto public com.ch.jrq.utils.StatusJSON com.ch.jrq.controller.TraderInfoController.exportTraderFile()]-[o.s.w.s.m.m.a.RequestMappingHandlerMapping]-[main]
2017-07-05 15:16:20.684||INFO -[Mapped "{[/userController/testAOP]}" onto public void com.ch.jrq.controller.UserController.testAOP(java.lang.String,java.lang.String)]-[o.s.w.s.m.m.a.RequestMappingHandlerMapping]-[main]
2017-07-05 15:16:20.685||INFO -[Mapped "{[/error]}" onto public org.springframework.http.ResponseEntity<java.util.Map<java.lang.String, java.lang.Object>> org.springframework.boot.autoconfigure.web.BasicErrorController.error(javax.servlet.http.HttpServletRequest)]-[o.s.w.s.m.m.a.RequestMappingHandlerMapping]-[main]
2017-07-05 15:16:20.686||INFO -[Mapped "{[/error],produces=[text/html]}" onto public org.springframework.web.servlet.ModelAndView org.springframework.boot.autoconfigure.web.BasicErrorController.errorHtml(javax.servlet.http.HttpServletRequest,javax.servlet.http.HttpServletResponse)]-[o.s.w.s.m.m.a.RequestMappingHandlerMapping]-[main]
2017-07-05 15:16:20.720||INFO -[Mapped URL path [/webjars/**] onto handler of type [class org.springframework.web.servlet.resource.ResourceHttpRequestHandler]]-[o.s.w.s.h.SimpleUrlHandlerMapping]-[main]
2017-07-05 15:16:20.721||INFO -[Mapped URL path [/**] onto handler of type [class org.springframework.web.servlet.resource.ResourceHttpRequestHandler]]-[o.s.w.s.h.SimpleUrlHandlerMapping]-[main]
2017-07-05 15:16:20.762||INFO -[Mapped URL path [/**/favicon.ico] onto handler of type [class org.springframework.web.servlet.resource.ResourceHttpRequestHandler]]-[o.s.w.s.h.SimpleUrlHandlerMapping]-[main]
2017-07-05 15:16:21.094||INFO -[Registering beans for JMX exposure on startup]-[o.s.j.e.a.AnnotationMBeanExporter]-[main]
2017-07-05 15:16:21.116||INFO -[Initializing ProtocolHandler ["http-nio-8080"]]-[o.a.coyote.http11.Http11NioProtocol]-[main]
2017-07-05 15:16:21.128||INFO -[Starting ProtocolHandler [http-nio-8080]]-[o.a.coyote.http11.Http11NioProtocol]-[main]
2017-07-05 15:16:21.146||INFO -[Using a shared selector for servlet write/read]-[o.a.tomcat.util.net.NioSelectorPool]-[main]
2017-07-05 15:16:21.170||INFO -[Tomcat started on port(s): 8080 (http)]-[o.s.b.c.e.t.TomcatEmbeddedServletContainer]-[main]
2017-07-05 15:16:21.174||INFO -[Started SpringBootDemoApplication in 3.544 seconds (JVM running for 4.024)]-[com.ch.SpringBootDemoApplication]-[main]
2017-07-05 15:17:00.004||INFO -[2017-07-05 15:17:00 开始执行定时任务]-[c.c.j.c.TraderInfoController]-[scheduler-1]
2017-07-05 15:17:00.643||INFO -[抓取牛人：陈亨的交易数据，牛人ID：5055710###Start]-[c.c.j.c.TraderInfoController]-[threadPoolTaskExecutor-1]
2017-07-05 15:17:00.643||INFO -[执行爬虫定时任务，时间：2017-07-05 15:17:00,共请求牛人：1,成功请求：0,失败请求：0]-[c.c.j.c.TraderInfoController]-[scheduler-1]
2017-07-05 15:17:03.335||INFO -[抓取牛人：陈亨的交易数据，牛人ID：5055710###End]-[c.c.j.c.TraderInfoController]-[threadPoolTaskExecutor-1]
